<?xml version="1.0" encoding="UTF-8"?>
<!-- Generated by org.testng.reporters.JUnitReportReporter -->
<testsuite hostname="LAPTOP-KRDH09GV" failures="0" tests="3" name="day9.PriorityinTestNG" time="0.011" errors="0" timestamp="2024-04-22T14:37:46 IST" skipped="0">
  <testcase classname="day9.PriorityinTestNG" name="Openbrowser" time="0.009"/>
  <system-out/>
  <testcase classname="day9.PriorityinTestNG" name="Closebrowser" time="0.001"/>
  <system-out/>
  <testcase classname="day9.PriorityinTestNG" name="Account" time="0.001"/>
  <system-out/>
</testsuite> <!-- day9.PriorityinTestNG -->
