<?xml version="1.0" encoding="UTF-8"?>
<!-- Generated by org.testng.reporters.JUnitReportReporter -->
<testsuite hostname="LAPTOP-KRDH09GV" failures="0" tests="1" name="day11.Listenerdemo1" time="19.287" errors="0" timestamp="2024-04-17T14:02:55 IST" skipped="0">
  <testcase classname="day11.Listenerdemo1" name="login" time="19.287"/>
  <system-out/>
</testsuite> <!-- day11.Listenerdemo1 -->
