<?xml version="1.0" encoding="UTF-8"?>
<!-- Generated by org.testng.reporters.JUnitReportReporter -->
<testsuite hostname="LAPTOP-KRDH09GV" failures="0" tests="6" name="day10.Groupdemo" time="0.017" errors="0" timestamp="2024-05-11T15:43:44 IST" skipped="0">
  <testcase classname="day10.Groupdemo" name="test4" time="0.001"/>
  <system-out/>
  <testcase classname="day10.Groupdemo" name="test6" time="0.001"/>
  <system-out/>
  <testcase classname="day10.Groupdemo" name="test2" time="0.001"/>
  <system-out/>
  <testcase classname="day10.Groupdemo" name="test3" time="0.001"/>
  <system-out/>
  <testcase classname="day10.Groupdemo" name="test1" time="0.012"/>
  <system-out/>
  <testcase classname="day10.Groupdemo" name="test5" time="0.001"/>
  <system-out/>
</testsuite> <!-- day10.Groupdemo -->
