<?xml version="1.0" encoding="UTF-8"?>
<!-- Generated by org.testng.reporters.JUnitReportReporter -->
<testsuite hostname="LAPTOP-KRDH09GV" failures="0" tests="3" name="module3assignment.Mod3assign1" time="4.245" errors="0" timestamp="2024-05-27T23:03:26 IST" skipped="0">
  <testcase classname="module3assignment.Mod3assign1" name="enterurl" time="3.982"/>
  <system-out/>
  <testcase classname="module3assignment.Mod3assign1" name="enterusername" time="0.168"/>
  <system-out/>
  <testcase classname="module3assignment.Mod3assign1" name="enterpassword" time="0.095"/>
  <system-out/>
</testsuite> <!-- module3assignment.Mod3assign1 -->
