<?xml version="1.0" encoding="UTF-8"?>
<!-- Generated by org.testng.reporters.JUnitReportReporter -->
<testsuite hostname="LAPTOP-KRDH09GV" failures="0" tests="1" name="module3assignment.mod3assign2" time="0.018" errors="0" timestamp="2024-05-27T23:05:45 IST" skipped="0">
  <testcase classname="module3assignment.mod3assign2" name="Logintest" time="0.018"/>
  <system-out/>
</testsuite> <!-- module3assignment.mod3assign2 -->
