<?xml version="1.0" encoding="UTF-8"?>
<!-- Generated by org.testng.reporters.JUnitReportReporter -->
<testsuite hostname="LAPTOP-KRDH09GV" failures="0" tests="2" name="day9.TestNG5" time="8.729" errors="0" timestamp="2024-07-05T18:12:21 IST" skipped="0">
  <testcase classname="day9.TestNG5" name="enterurl2" time="3.156"/>
  <testcase classname="day9.TestNG5" name="enterurl" time="5.573"/>
</testsuite> <!-- day9.TestNG5 -->
