<?xml version="1.0" encoding="UTF-8"?>
<!-- Generated by org.testng.reporters.JUnitReportReporter -->
<testsuite hostname="LAPTOP-KRDH09GV" failures="0" tests="4" name="day10.DataproviderDemo" time="18.838" errors="0" timestamp="2024-07-07T22:59:03 IST" skipped="0">
  <testcase classname="day10.DataproviderDemo" name="searchmobile" time="4.822"/>
  <testcase classname="day10.DataproviderDemo" name="searchmobile" time="5.850"/>
  <testcase classname="day10.DataproviderDemo" name="openBrowser" time="3.894"/>
  <testcase classname="day10.DataproviderDemo" name="searchmobile" time="4.272"/>
</testsuite> <!-- day10.DataproviderDemo -->
