<?xml version="1.0" encoding="UTF-8"?>
<!-- Generated by org.testng.reporters.JUnitReportReporter -->
<testsuite hostname="LAPTOP-KRDH09GV" failures="0" tests="5" name="day9.TestNG3" time="0.007" errors="0" timestamp="2024-07-05T18:12:21 IST" skipped="1">
  <testcase classname="day9.TestNG3" name="test" time="0.002"/>
  <testcase classname="day9.TestNG3" name="test" time="0.002"/>
  <testcase classname="day9.TestNG3" name="test" time="0.002"/>
  <testcase classname="day9.TestNG3" name="test2" time="0.001"/>
  <testcase classname="day9.TestNG3" name="test1">
    <skipped/>
  </testcase> <!-- test1 -->
</testsuite> <!-- day9.TestNG3 -->
