<?xml version="1.0" encoding="UTF-8"?>
<!-- Generated by org.testng.reporters.JUnitReportReporter -->
<testsuite hostname="LAPTOP-KRDH09GV" failures="0" tests="4" name="day10.dataproviderdemo2" time="13.674" errors="0" timestamp="2024-04-14T18:00:51 IST" skipped="0">
  <testcase classname="day10.dataproviderdemo2" name="searchmobile" time="4.375"/>
  <system-out/>
  <testcase classname="day10.dataproviderdemo2" name="openBrowser" time="1.911"/>
  <system-out/>
  <testcase classname="day10.dataproviderdemo2" name="searchmobile" time="4.102"/>
  <system-out/>
  <testcase classname="day10.dataproviderdemo2" name="searchmobile" time="3.286"/>
  <system-out/>
</testsuite> <!-- day10.dataproviderdemo2 -->
