<?xml version="1.0" encoding="UTF-8"?>
<!-- Generated by org.testng.reporters.JUnitReportReporter -->
<testsuite hostname="LAPTOP-KRDH09GV" failures="0" tests="1" name="day9.TestNG1" time="0.007" errors="0" timestamp="2024-07-05T18:12:21 IST" skipped="0">
  <testcase classname="day9.TestNG1" name="test" time="0.007"/>
</testsuite> <!-- day9.TestNG1 -->
