<?xml version="1.0" encoding="UTF-8"?>
<!-- Generated by org.testng.reporters.JUnitReportReporter -->
<testsuite hostname="LAPTOP-KRDH09GV" failures="0" tests="2" name="day9.TestNG4" time="9.965" errors="0" timestamp="2024-07-05T18:12:21 IST" skipped="0">
  <testcase classname="day9.TestNG4" name="enterurl2" time="4.925"/>
  <testcase classname="day9.TestNG4" name="enterurl" time="5.040"/>
</testsuite> <!-- day9.TestNG4 -->
