<?xml version="1.0" encoding="UTF-8"?>
<!-- Generated by org.testng.reporters.JUnitReportReporter -->
<testsuite hostname="LAPTOP-KRDH09GV" failures="0" tests="1" name="day10.Super" time="2.233" errors="0" timestamp="2024-04-12T20:52:46 IST" skipped="0">
  <testcase classname="day10.Super" name="openBrowser" time="2.233"/>
  <system-out/>
</testsuite> <!-- day10.Super -->
